<?xml version="1.0" encoding="UTF-8"?>
<testsuite xmlns:xsi="http://www.w3.org/2001/XMLSchema-instance" xsi:noNamespaceSchemaLocation="https://maven.apache.org/surefire/maven-surefire-plugin/xsd/surefire-test-report-3.0.xsd" version="3.0" name="TestSuite" time="0.945" tests="11" errors="0" skipped="0" failures="0">
  <properties>
    <property name="java.specification.version" value="23"/>
    <property name="sun.cpu.isalist" value="amd64"/>
    <property name="sun.jnu.encoding" value="Cp1252"/>
    <property name="java.class.path" value="C:\Users\marce\Documents\a_itc\6to\2Parcial\M6TestingPepe\TestNGActivity\target\test-classes;C:\Users\marce\Documents\a_itc\6to\2Parcial\M6TestingPepe\TestNGActivity\target\classes;C:\Users\marce\.m2\repository\org\testng\testng\7.7.1\testng-7.7.1.jar;C:\Users\marce\.m2\repository\org\slf4j\slf4j-api\1.7.36\slf4j-api-1.7.36.jar;C:\Users\marce\.m2\repository\com\beust\jcommander\1.82\jcommander-1.82.jar;C:\Users\marce\.m2\repository\org\webjars\jquery\3.6.1\jquery-3.6.1.jar;"/>
    <property name="java.vm.vendor" value="Oracle Corporation"/>
    <property name="sun.arch.data.model" value="64"/>
    <property name="user.variant" value=""/>
    <property name="java.vendor.url" value="https://java.oracle.com/"/>
    <property name="user.timezone" value="America/Mexico_City"/>
    <property name="user.country.format" value="MX"/>
    <property name="os.name" value="Windows 11"/>
    <property name="java.vm.specification.version" value="23"/>
    <property name="sun.java.launcher" value="SUN_STANDARD"/>
    <property name="user.country" value="US"/>
    <property name="sun.boot.library.path" value="C:\Program Files\Java\jdk-23\bin"/>
    <property name="sun.java.command" value="C:\Users\marce\AppData\Local\Temp\surefire5276055499521918804\surefirebooter-20250428234541634_3.jar C:\Users\marce\AppData\Local\Temp\surefire5276055499521918804 2025-04-28T23-45-41_458-jvmRun1 surefire-20250428234541634_1tmp surefire_0-20250428234541634_2tmp"/>
    <property name="jdk.debug" value="release"/>
    <property name="surefire.test.class.path" value="C:\Users\marce\Documents\a_itc\6to\2Parcial\M6TestingPepe\TestNGActivity\target\test-classes;C:\Users\marce\Documents\a_itc\6to\2Parcial\M6TestingPepe\TestNGActivity\target\classes;C:\Users\marce\.m2\repository\org\testng\testng\7.7.1\testng-7.7.1.jar;C:\Users\marce\.m2\repository\org\slf4j\slf4j-api\1.7.36\slf4j-api-1.7.36.jar;C:\Users\marce\.m2\repository\com\beust\jcommander\1.82\jcommander-1.82.jar;C:\Users\marce\.m2\repository\org\webjars\jquery\3.6.1\jquery-3.6.1.jar;"/>
    <property name="sun.cpu.endian" value="little"/>
    <property name="user.home" value="C:\Users\marce"/>
    <property name="user.language" value="en"/>
    <property name="java.specification.vendor" value="Oracle Corporation"/>
    <property name="java.version.date" value="2025-01-21"/>
    <property name="java.home" value="C:\Program Files\Java\jdk-23"/>
    <property name="file.separator" value="\"/>
    <property name="basedir" value="C:\Users\marce\Documents\a_itc\6to\2Parcial\M6TestingPepe\TestNGActivity"/>
    <property name="java.vm.compressedOopsMode" value="Zero based"/>
    <property name="line.separator" value="&#10;"/>
    <property name="java.vm.specification.vendor" value="Oracle Corporation"/>
    <property name="java.specification.name" value="Java Platform API Specification"/>
    <property name="surefire.real.class.path" value="C:\Users\marce\AppData\Local\Temp\surefire5276055499521918804\surefirebooter-20250428234541634_3.jar"/>
    <property name="user.script" value=""/>
    <property name="sun.management.compiler" value="HotSpot 64-Bit Tiered Compilers"/>
    <property name="java.runtime.version" value="23.0.2+7-58"/>
    <property name="user.name" value="marce"/>
    <property name="stdout.encoding" value="Cp1252"/>
    <property name="path.separator" value=";"/>
    <property name="os.version" value="10.0"/>
    <property name="java.runtime.name" value="Java(TM) SE Runtime Environment"/>
    <property name="file.encoding" value="UTF-8"/>
    <property name="java.vm.name" value="Java HotSpot(TM) 64-Bit Server VM"/>
    <property name="localRepository" value="C:\Users\marce\.m2\repository"/>
    <property name="java.vendor.url.bug" value="https://bugreport.java.com/bugreport/"/>
    <property name="java.io.tmpdir" value="C:\Users\marce\AppData\Local\Temp\"/>
    <property name="java.version" value="23.0.2"/>
    <property name="user.dir" value="C:\Users\marce\Documents\a_itc\6to\2Parcial\M6TestingPepe\TestNGActivity"/>
    <property name="os.arch" value="amd64"/>
    <property name="java.vm.specification.name" value="Java Virtual Machine Specification"/>
    <property name="user.language.format" value="es"/>
    <property name="sun.os.patch.level" value=""/>
    <property name="native.encoding" value="Cp1252"/>
    <property name="java.library.path" value="C:\Program Files\Java\jdk-23\bin;C:\WINDOWS\Sun\Java\bin;C:\WINDOWS\system32;C:\WINDOWS;C:\Program Files\Common Files\Oracle\Java\javapath;C:\Python312\Scripts\;C:\Python312\;C:\WINDOWS\system32;C:\WINDOWS;C:\WINDOWS\System32\Wbem;C:\WINDOWS\System32\WindowsPowerShell\v1.0\;C:\WINDOWS\System32\OpenSSH\;C:\mingw64\bin;C:\Program Files\Git\cmd;C:\Program Files\Go\bin;C:\Program Files\dotnet\;C:\Program Files\Docker\Docker\resources\bin;C:\Program Files\swipl\bin;C:\ProgramData\chocolatey\bin;C:\ProgramData\nvm;C:\Program Files\nodejs;C:\Program Files\Microsoft SQL Server\150\Tools\Binn\;C:\Program Files\Microsoft SQL Server\Client SDK\ODBC\170\Tools\Binn\;C:\Program Files (x86)\Windows Kits\10\Windows Performance Toolkit\;C:\Users\marce\AppData\Roaming\Python\Python312\Scripts;C:\Program Files\Apache\apache-maven-3.9.9\bin;;c:\Users\marce\AppData\Local\Programs\cursor\resources\app\bin;C:\Users\marce\AppData\Local\Microsoft\WindowsApps;C:\Users\marce\AppData\Local\Programs\Microsoft VS Code\bin;C:\Users\marce\go\bin;C:\Users\marce\AppData\Local\Programs\Ollama;C:\Program Files\swipl\bin;C:\Users\marce\AppData\Roaming\npm;C:\ProgramData\nvm;C:\Program Files\nodejs;C:\Users\marce\ngrok.exe;C:\Users\marce\AppData\Local\Android\Sdk;C:\Users\marce\.dotnet\tools;C:\Users\marce\AppData\Local\GitHubDesktop\bin;C:\Users\marce\AppData\Local\Programs\cursor\resources\app\bin;c:\Users\marce\AppData\Roaming\Cursor\User\globalStorage\github.copilot-chat\debugCommand;."/>
    <property name="java.vm.info" value="mixed mode, sharing"/>
    <property name="stderr.encoding" value="Cp1252"/>
    <property name="java.vendor" value="Oracle Corporation"/>
    <property name="java.vm.version" value="23.0.2+7-58"/>
    <property name="sun.io.unicode.encoding" value="UnicodeLittle"/>
    <property name="java.class.version" value="67.0"/>
  </properties>
  <testcase name="testDepositWithDataProvider[100.0, 1100.0](1)" classname="com.banking.BankAccountTest" time="0.009">
    <system-out><![CDATA[Setting up test class...
Setting up test method...
]]></system-out>
    <system-err><![CDATA[SLF4J: Failed to load class "org.slf4j.impl.StaticLoggerBinder".
SLF4J: Defaulting to no-operation (NOP) logger implementation
SLF4J: See http://www.slf4j.org/codes.html#StaticLoggerBinder for further details.
]]></system-err>
  </testcase>
  <testcase name="testDepositWithDataProvider[200.0, 1200.0](2)" classname="com.banking.BankAccountTest" time="0">
    <system-out><![CDATA[Tearing down test method...
Setting up test method...
]]></system-out>
  </testcase>
  <testcase name="testDepositWithDataProvider[300.0, 1300.0](3)" classname="com.banking.BankAccountTest" time="0">
    <system-out><![CDATA[Tearing down test method...
Setting up test method...
]]></system-out>
  </testcase>
  <testcase name="testInsufficientFunds" classname="com.banking.BankAccountTest" time="0">
    <system-out><![CDATA[Tearing down test method...
Setting up test method...
]]></system-out>
  </testcase>
  <testcase name="testNegativeDeposit" classname="com.banking.BankAccountTest" time="0">
    <system-out><![CDATA[Tearing down test method...
Setting up test method...
]]></system-out>
  </testcase>
  <testcase name="testNegativeWithdrawal" classname="com.banking.BankAccountTest" time="0">
    <system-out><![CDATA[Tearing down test method...
Setting up test method...
]]></system-out>
  </testcase>
  <testcase name="testTransfer" classname="com.banking.BankAccountTest" time="0">
    <system-out><![CDATA[Tearing down test method...
Setting up test method...
]]></system-out>
  </testcase>
  <testcase name="testTransferInsufficientFunds" classname="com.banking.BankAccountTest" time="0">
    <system-out><![CDATA[Tearing down test method...
Setting up test method...
]]></system-out>
  </testcase>
  <testcase name="testDeposit" classname="com.banking.BankAccountTest" time="0">
    <system-out><![CDATA[Tearing down test method...
Setting up test method...
]]></system-out>
  </testcase>
  <testcase name="testWithdrawAfterDeposit" classname="com.banking.BankAccountTest" time="0">
    <system-out><![CDATA[Tearing down test method...
Setting up test method...
]]></system-out>
  </testcase>
  <testcase name="testWithdraw" classname="com.banking.BankAccountTest" time="0">
    <system-out><![CDATA[Tearing down test method...
Setting up test method...
]]></system-out>
  </testcase>
</testsuite>