<?xml version="1.0" encoding="UTF-8"?>
<!-- Generated by org.testng.reporters.JUnitReportReporter -->
<testsuite hostname="marcheluki" failures="0" tests="11" name="com.banking.BankAccountTest" time="0.027" errors="0" timestamp="2025-04-28T23:45:43 CST" skipped="0">
  <testcase classname="com.banking.BankAccountTest" name="testTransferInsufficientFunds" time="0.000"/>
  <system-out/>
  <testcase classname="com.banking.BankAccountTest" name="testDepositWithDataProvider" time="0.002"/>
  <system-out/>
  <testcase classname="com.banking.BankAccountTest" name="testDepositWithDataProvider" time="0.010"/>
  <system-out/>
  <testcase classname="com.banking.BankAccountTest" name="testDepositWithDataProvider" time="0.002"/>
  <system-out/>
  <testcase classname="com.banking.BankAccountTest" name="testNegativeWithdrawal" time="0.001"/>
  <system-out/>
  <testcase classname="com.banking.BankAccountTest" name="testInsufficientFunds" time="0.002"/>
  <system-out/>
  <testcase classname="com.banking.BankAccountTest" name="testNegativeDeposit" time="0.001"/>
  <system-out/>
  <testcase classname="com.banking.BankAccountTest" name="testTransfer" time="0.001"/>
  <system-out/>
  <testcase classname="com.banking.BankAccountTest" name="testWithdrawAfterDeposit" time="0.002"/>
  <system-out/>
  <testcase classname="com.banking.BankAccountTest" name="testDeposit" time="0.001"/>
  <system-out/>
  <testcase classname="com.banking.BankAccountTest" name="testWithdraw" time="0.005"/>
  <system-out/>
</testsuite> <!-- com.banking.BankAccountTest -->
